20:23:54--Smith Lopez
20:23:57--Jamth Smith
20:24:00--Daniel Blansh
20:24:03--Lorenzo Partizane
20:24:06--Lorenzo Partizane
20:24:09--John Smith
20:24:12--Ferdinand Corleone
20:24:15--Lorenzo Partizane
20:24:18--Fernando Gomez
20:24:21--Ferdinand Corleone
20:24:24--Marrya Carry
20:24:27--Ferdinand Corleone
20:24:30--Jamth Smith
20:24:33--Fernando Gomez
20:24:36--Jamth Smith
20:24:39--Lorenzo Partizane
20:25:12--Smith Lopez
20:25:15--John Smith
20:25:18--Lorenzo Partizane
20:25:21--John Smith
20:25:24--Smith Lopez
20:25:27--Fernando Gomez
20:25:30--Daniel Blansh
20:25:33--Jamth Smith
20:25:36--Marrya Carry
20:25:39--Smith Lopez
20:25:42--John Smith
20:25:45--Fernando Gomez
20:25:48--Fernando Gomez
20:29:42--Jamth Smith
20:29:45--Daniel Blansh
20:29:48--Daniel Blansh
20:29:51--Ferdinand Corleone
20:29:54--Daniel Blansh
20:29:57--Daniel Blansh
20:30:00--Smith Lopez
20:30:03--Lorenzo Partizane
20:30:06--Mosimmo Duty
20:30:09--Jamth Smith
20:30:12--Lorenzo Partizane
20:30:15--Daniel Blansh
20:30:18--Smith Lopez
20:30:21--Smith Lopez
20:30:24--Jamth Smith
20:30:27--Fernando Gomez
20:30:30--Ferdinand Corleone
20:30:33--Ferdinand Corleone
20:30:36--Smith Lopez
20:30:39--Jamth Smith
20:30:42--Jamth Smith
20:30:45--Lorenzo Partizane
20:30:48--John Smith
20:30:51--Marrya Carry
20:30:54--Daniel Blansh
20:30:57--Fernando Gomez
20:31:00--Marrya Carry
20:31:03--Fernando Gomez
20:31:06--Mosimmo Duty
20:31:09--Marrya Carry
20:31:12--Mosimmo Duty
20:31:15--Jamth Smith
20:31:18--Smith Lopez
20:31:21--Smith Lopez
20:31:24--Mosimmo Duty20:48:49--Lorenzo Partizane
20:48:52--Lorenzo Partizane
20:48:55--Harry Potter
20:48:58--Harry Potter
20:49:01--Jamth Smith
20:49:04--Fernando Gomez
20:49:07--Mosimmo Duty
20:49:10--Fernando Gomez
20:49:13--John Smith
20:49:16--Fernando Gomez
20:49:19--Marrya Carry
20:49:22--Daniel Blansh
20:49:25--John Smith
20:49:28--Fernando Gomez
20:49:31--Fernando Gomez
20:49:34--Lorenzo Partizane
20:49:37--Ferdinand Corleone
20:49:40--John Smith
20:49:43--Fernando Gomez
20:49:46--Harry Potter
20:49:49--Fernando Gomez
20:49:52--Fernando Gomez
20:49:55--Mosimmo Duty
20:49:58--Daniel Blansh
20:50:01--Daniel Blansh
20:50:04--Daniel Blansh
20:50:07--Harry Potter
20:50:10--Smith Lopez
20:50:13--Mosimmo Duty
20:50:16--Lorenzo Partizane
20:50:19--Fernando Gomez06:50:15--Jamth Smith
06:50:18--Marrya Carry
06:50:21--Ferdinand Corleone
06:50:24--John Smith
06:50:27--Jamth Smith
06:50:30--Lorenzo Partizane
06:50:33--Ferdinand Corleone
06:50:36--Fernando Gomez
06:50:39--Ferdinand Corleone
06:50:42--Jamth Smith
06:50:45--Marrya Carry
06:50:48--John Smith
06:50:51--Jamth Smith
06:50:54--Fernando Gomez
06:50:57--John Smith
06:51:00--Smith Lopez
06:51:03--Mosimmo Duty
06:51:06--Jamth Smith
06:51:09--Harry Potter
06:51:12--Lorenzo Partizane
06:51:15--Smith Lopez
06:51:18--Smith Lopez
06:51:21--Daniel Blansh
06:51:24--Lorenzo Partizane
06:51:27--Marrya Carry
06:51:30--Mosimmo Duty
06:51:33--Fernando Gomez
06:51:36--Marrya Carry
06:51:39--Lorenzo Partizane
06:51:42--John Smith
06:51:45--John Smith
06:51:48--Smith Lopez
06:51:51--Daniel Blansh
06:51:54--Marrya Carry
06:51:57--Lorenzo Partizane
06:52:00--Fernando Gomez
06:52:03--Mosimmo Duty
06:52:06--John Smith
06:52:09--Smith Lopez
06:52:26--John Smith
06:52:29--Harry Potter
06:52:32--Daniel Blansh
06:52:35--Harry Potter
06:52:38--John Smith
06:52:41--Smith Lopez
06:52:44--Lorenzo Partizane
06:52:47--Mosimmo Duty
06:52:50--Fernando Gomez
06:52:53--John Smith
06:52:56--Fernando Gomez
06:52:59--Harry Potter
06:53:02--Smith Lopez
06:53:05--Jamth Smith
06:53:08--Jamth Smith
06:53:11--Daniel Blansh
06:53:14--Fernando Gomez
06:53:17--John Smith
06:53:20--Lorenzo Partizane
06:53:23--Mosimmo Duty
06:53:26--Daniel Blansh
06:53:29--Jamth Smith
06:53:32--Ferdinand Corleone
06:53:35--Marrya Carry
06:53:38--Ferdinand Corleone
06:53:41--Marrya Carry
06:53:44--John Smith
06:53:47--Mosimmo Duty
06:53:50--Smith Lopez
06:53:53--Harry Potter
06:53:56--Lorenzo Partizane
06:53:59--Harry Potter
06:54:02--Ferdinand Corleone
06:54:05--Daniel Blansh
06:54:08--Lorenzo Partizane
06:54:11--John Smith
06:54:14--Daniel Blansh
06:54:17--Mosimmo Duty
06:54:20--Ferdinand Corleone
06:56:44--Harry Potter
06:56:47--Marrya Carry
06:56:50--Ferdinand Corleone
06:56:53--Lorenzo Partizane
06:56:56--Ferdinand Corleone
06:56:59--John Smith
06:57:02--Daniel Blansh
06:57:05--Lorenzo Partizane
06:57:08--Mosimmo Duty
06:57:11--Daniel Blansh
06:57:14--Daniel Blansh
06:57:17--Lorenzo Partizane
06:57:20--Harry Potter
06:57:23--Harry Potter
06:57:26--Marrya Carry
06:57:29--Daniel Blansh
06:57:32--Smith Lopez
06:57:35--Mosimmo Duty
06:57:38--Ferdinand Corleone
06:57:41--Mosimmo Duty
06:57:44--Mosimmo Duty
06:57:47--Fernando Gomez
06:57:50--Lorenzo Partizane
06:57:53--Mosimmo Duty
06:57:56--Marrya Carry
06:57:59--John Smith
06:58:02--Marrya Carry
06:58:05--Harry Potter
06:58:08--John Smith
06:58:11--Harry Potter
06:58:14--John Smith
06:58:17--Ferdinand Corleone
06:58:20--Marrya Carry
06:58:23--Marrya Carry
06:58:26--John Smith
06:58:29--Jamth Smith
06:58:32--Smith Lopez
06:58:35--Harry Potter
06:58:38--Ferdinand Corleone
